{"/Users/shurnster/Documents/Web Development Projects/basic-imageSlider/components/App.js": {"path":"/Users/shurnster/Documents/Web Development Projects/basic-imageSlider/components/App.js","statementMap":{"0":{"start":{"line":6,"column":15},"end":{"line":43,"column":1}},"1":{"start":{"line":45,"column":12},"end":{"line":52,"column":1}},"2":{"start":{"line":46,"column":2},"end":{"line":51,"column":8}}},"fnMap":{"0":{"name":"(anonymous_0)","decl":{"start":{"line":45,"column":12},"end":{"line":45,"column":13}},"loc":{"start":{"line":46,"column":2},"end":{"line":51,"column":8}},"line":46}},"branchMap":{},"s":{"0":1,"1":1,"2":1},"f":{"0":1},"b":{},"_coverageSchema":"332fd63041d2c1bcb487cc26dd0d5f7d97098a6c","hash":"f502bdddac1b2058e72507c6dd7ed895ef43ec74"}
,"/Users/shurnster/Documents/Web Development Projects/basic-imageSlider/components/Lightbox.js": {"path":"/Users/shurnster/Documents/Web Development Projects/basic-imageSlider/components/Lightbox.js","statementMap":{"0":{"start":{"line":4,"column":14},"end":{"line":6,"column":1}},"1":{"start":{"line":5,"column":2},"end":{"line":5,"column":40}},"2":{"start":{"line":10,"column":4},"end":{"line":10,"column":17}},"3":{"start":{"line":11,"column":4},"end":{"line":11,"column":63}},"4":{"start":{"line":13,"column":21},"end":{"line":13,"column":26}},"5":{"start":{"line":15,"column":4},"end":{"line":17,"column":5}},"6":{"start":{"line":16,"column":6},"end":{"line":16,"column":24}},"7":{"start":{"line":19,"column":4},"end":{"line":21,"column":6}},"8":{"start":{"line":35,"column":4},"end":{"line":35,"column":66}},"9":{"start":{"line":39,"column":17},"end":{"line":39,"column":22}},"10":{"start":{"line":41,"column":4},"end":{"line":45,"column":7}},"11":{"start":{"line":42,"column":6},"end":{"line":44,"column":7}},"12":{"start":{"line":43,"column":8},"end":{"line":43,"column":22}},"13":{"start":{"line":47,"column":4},"end":{"line":47,"column":18}},"14":{"start":{"line":51,"column":21},"end":{"line":51,"column":31}},"15":{"start":{"line":52,"column":34},"end":{"line":52,"column":38}},"16":{"start":{"line":53,"column":23},"end":{"line":58,"column":5}},"17":{"start":{"line":65,"column":4},"end":{"line":67,"column":5}},"18":{"start":{"line":66,"column":6},"end":{"line":66,"column":27}},"19":{"start":{"line":70,"column":45},"end":{"line":70,"column":72}},"20":{"start":{"line":73,"column":4},"end":{"line":73,"column":61}},"21":{"start":{"line":77,"column":4},"end":{"line":77,"column":62}},"22":{"start":{"line":81,"column":38},"end":{"line":81,"column":42}},"23":{"start":{"line":89,"column":8},"end":{"line":89,"column":18}},"24":{"start":{"line":90,"column":27},"end":{"line":90,"column":37}},"25":{"start":{"line":97,"column":40},"end":{"line":98,"column":62}},"26":{"start":{"line":97,"column":53},"end":{"line":98,"column":62}},"27":{"start":{"line":98,"column":6},"end":{"line":98,"column":62}},"28":{"start":{"line":100,"column":39},"end":{"line":101,"column":71}},"29":{"start":{"line":100,"column":52},"end":{"line":101,"column":71}},"30":{"start":{"line":101,"column":6},"end":{"line":101,"column":71}},"31":{"start":{"line":103,"column":28},"end":{"line":105,"column":17}},"32":{"start":{"line":106,"column":29},"end":{"line":108,"column":18}},"33":{"start":{"line":110,"column":4},"end":{"line":124,"column":6}}},"fnMap":{"0":{"name":"(anonymous_0)","decl":{"start":{"line":4,"column":14},"end":{"line":4,"column":15}},"loc":{"start":{"line":5,"column":2},"end":{"line":5,"column":40}},"line":5},"1":{"name":"(anonymous_1)","decl":{"start":{"line":9,"column":2},"end":{"line":9,"column":3}},"loc":{"start":{"line":9,"column":21},"end":{"line":22,"column":3}},"line":9},"2":{"name":"(anonymous_2)","decl":{"start":{"line":34,"column":2},"end":{"line":34,"column":3}},"loc":{"start":{"line":34,"column":25},"end":{"line":36,"column":3}},"line":34},"3":{"name":"(anonymous_3)","decl":{"start":{"line":38,"column":22},"end":{"line":38,"column":23}},"loc":{"start":{"line":38,"column":47},"end":{"line":48,"column":3}},"line":38},"4":{"name":"(anonymous_4)","decl":{"start":{"line":41,"column":17},"end":{"line":41,"column":18}},"loc":{"start":{"line":41,"column":25},"end":{"line":45,"column":5}},"line":41},"5":{"name":"(anonymous_5)","decl":{"start":{"line":50,"column":22},"end":{"line":50,"column":23}},"loc":{"start":{"line":50,"column":38},"end":{"line":68,"column":3}},"line":50},"6":{"name":"(anonymous_6)","decl":{"start":{"line":70,"column":15},"end":{"line":70,"column":16}},"loc":{"start":{"line":70,"column":45},"end":{"line":70,"column":72}},"line":70},"7":{"name":"(anonymous_7)","decl":{"start":{"line":72,"column":14},"end":{"line":72,"column":15}},"loc":{"start":{"line":73,"column":4},"end":{"line":73,"column":61}},"line":73},"8":{"name":"(anonymous_8)","decl":{"start":{"line":76,"column":15},"end":{"line":76,"column":16}},"loc":{"start":{"line":77,"column":4},"end":{"line":77,"column":62}},"line":77},"9":{"name":"(anonymous_9)","decl":{"start":{"line":80,"column":2},"end":{"line":80,"column":3}},"loc":{"start":{"line":80,"column":11},"end":{"line":125,"column":3}},"line":80},"10":{"name":"(anonymous_10)","decl":{"start":{"line":97,"column":40},"end":{"line":97,"column":41}},"loc":{"start":{"line":97,"column":53},"end":{"line":98,"column":62}},"line":97},"11":{"name":"(anonymous_11)","decl":{"start":{"line":97,"column":53},"end":{"line":97,"column":54}},"loc":{"start":{"line":98,"column":6},"end":{"line":98,"column":62}},"line":98},"12":{"name":"(anonymous_12)","decl":{"start":{"line":100,"column":39},"end":{"line":100,"column":40}},"loc":{"start":{"line":100,"column":52},"end":{"line":101,"column":71}},"line":100},"13":{"name":"(anonymous_13)","decl":{"start":{"line":100,"column":52},"end":{"line":100,"column":53}},"loc":{"start":{"line":101,"column":6},"end":{"line":101,"column":71}},"line":101}},"branchMap":{"0":{"loc":{"start":{"line":15,"column":4},"end":{"line":17,"column":5}},"type":"if","locations":[{"start":{"line":15,"column":4},"end":{"line":17,"column":5}},{"start":{"line":15,"column":4},"end":{"line":17,"column":5}}],"line":15},"1":{"loc":{"start":{"line":42,"column":6},"end":{"line":44,"column":7}},"type":"if","locations":[{"start":{"line":42,"column":6},"end":{"line":44,"column":7}},{"start":{"line":42,"column":6},"end":{"line":44,"column":7}}],"line":42},"2":{"loc":{"start":{"line":65,"column":4},"end":{"line":67,"column":5}},"type":"if","locations":[{"start":{"line":65,"column":4},"end":{"line":67,"column":5}},{"start":{"line":65,"column":4},"end":{"line":67,"column":5}}],"line":65},"3":{"loc":{"start":{"line":65,"column":8},"end":{"line":65,"column":54}},"type":"binary-expr","locations":[{"start":{"line":65,"column":8},"end":{"line":65,"column":12}},{"start":{"line":65,"column":16},"end":{"line":65,"column":54}}],"line":65},"4":{"loc":{"start":{"line":98,"column":6},"end":{"line":98,"column":62}},"type":"binary-expr","locations":[{"start":{"line":98,"column":6},"end":{"line":98,"column":34}},{"start":{"line":98,"column":38},"end":{"line":98,"column":62}}],"line":98},"5":{"loc":{"start":{"line":101,"column":6},"end":{"line":101,"column":71}},"type":"binary-expr","locations":[{"start":{"line":101,"column":6},"end":{"line":101,"column":43}},{"start":{"line":101,"column":47},"end":{"line":101,"column":71}}],"line":101},"6":{"loc":{"start":{"line":103,"column":28},"end":{"line":105,"column":17}},"type":"cond-expr","locations":[{"start":{"line":104,"column":8},"end":{"line":104,"column":46}},{"start":{"line":105,"column":8},"end":{"line":105,"column":17}}],"line":103},"7":{"loc":{"start":{"line":106,"column":29},"end":{"line":108,"column":18}},"type":"cond-expr","locations":[{"start":{"line":107,"column":8},"end":{"line":107,"column":46}},{"start":{"line":108,"column":8},"end":{"line":108,"column":18}}],"line":106},"8":{"loc":{"start":{"line":115,"column":39},"end":{"line":115,"column":65}},"type":"cond-expr","locations":[{"start":{"line":115,"column":46},"end":{"line":115,"column":60}},{"start":{"line":115,"column":63},"end":{"line":115,"column":65}}],"line":115}},"s":{"0":2,"1":0,"2":0,"3":0,"4":0,"5":0,"6":0,"7":0,"8":0,"9":0,"10":0,"11":0,"12":0,"13":0,"14":0,"15":0,"16":0,"17":0,"18":0,"19":0,"20":0,"21":0,"22":0,"23":0,"24":0,"25":0,"26":0,"27":0,"28":0,"29":0,"30":0,"31":0,"32":0,"33":0},"f":{"0":0,"1":0,"2":0,"3":0,"4":0,"5":0,"6":0,"7":0,"8":0,"9":0,"10":0,"11":0,"12":0,"13":0},"b":{"0":[0,0],"1":[0,0],"2":[0,0],"3":[0,0],"4":[0,0],"5":[0,0],"6":[0,0],"7":[0,0],"8":[0,0]},"_coverageSchema":"332fd63041d2c1bcb487cc26dd0d5f7d97098a6c","hash":"5b7ab9a0808f0d51d108f10074c954402aca8036"}
,"/Users/shurnster/Documents/Web Development Projects/basic-imageSlider/components/Thumbnail_Gallery.js": {"path":"/Users/shurnster/Documents/Web Development Projects/basic-imageSlider/components/Thumbnail_Gallery.js","statementMap":{"0":{"start":{"line":22,"column":23},"end":{"line":22,"column":33}},"1":{"start":{"line":23,"column":21},"end":{"line":23,"column":31}},"2":{"start":{"line":25,"column":4},"end":{"line":31,"column":5}},"3":{"start":{"line":26,"column":6},"end":{"line":30,"column":9}},"4":{"start":{"line":35,"column":4},"end":{"line":37,"column":7}},"5":{"start":{"line":41,"column":37},"end":{"line":41,"column":47}},"6":{"start":{"line":43,"column":4},"end":{"line":45,"column":7}},"7":{"start":{"line":49,"column":37},"end":{"line":49,"column":47}},"8":{"start":{"line":50,"column":22},"end":{"line":50,"column":37}},"9":{"start":{"line":51,"column":21},"end":{"line":51,"column":58}},"10":{"start":{"line":54,"column":4},"end":{"line":56,"column":7}},"11":{"start":{"line":60,"column":21},"end":{"line":60,"column":31}},"12":{"start":{"line":62,"column":4},"end":{"line":64,"column":5}},"13":{"start":{"line":63,"column":6},"end":{"line":63,"column":23}},"14":{"start":{"line":68,"column":21},"end":{"line":68,"column":31}},"15":{"start":{"line":70,"column":4},"end":{"line":72,"column":5}},"16":{"start":{"line":71,"column":6},"end":{"line":71,"column":23}},"17":{"start":{"line":76,"column":30},"end":{"line":76,"column":40}},"18":{"start":{"line":77,"column":35},"end":{"line":77,"column":45}},"19":{"start":{"line":78,"column":22},"end":{"line":78,"column":37}},"20":{"start":{"line":80,"column":4},"end":{"line":113,"column":6}},"21":{"start":{"line":84,"column":12},"end":{"line":95,"column":18}}},"fnMap":{"0":{"name":"(anonymous_0)","decl":{"start":{"line":17,"column":14},"end":{"line":17,"column":15}},"loc":{"start":{"line":21,"column":8},"end":{"line":32,"column":3}},"line":21},"1":{"name":"(anonymous_1)","decl":{"start":{"line":34,"column":15},"end":{"line":34,"column":16}},"loc":{"start":{"line":34,"column":21},"end":{"line":38,"column":3}},"line":34},"2":{"name":"(anonymous_2)","decl":{"start":{"line":40,"column":14},"end":{"line":40,"column":15}},"loc":{"start":{"line":40,"column":20},"end":{"line":46,"column":3}},"line":40},"3":{"name":"(anonymous_3)","decl":{"start":{"line":48,"column":14},"end":{"line":48,"column":15}},"loc":{"start":{"line":48,"column":20},"end":{"line":57,"column":3}},"line":48},"4":{"name":"(anonymous_4)","decl":{"start":{"line":59,"column":21},"end":{"line":59,"column":22}},"loc":{"start":{"line":59,"column":27},"end":{"line":65,"column":3}},"line":59},"5":{"name":"(anonymous_5)","decl":{"start":{"line":67,"column":22},"end":{"line":67,"column":23}},"loc":{"start":{"line":67,"column":28},"end":{"line":73,"column":3}},"line":67},"6":{"name":"(anonymous_6)","decl":{"start":{"line":75,"column":2},"end":{"line":75,"column":3}},"loc":{"start":{"line":75,"column":11},"end":{"line":114,"column":3}},"line":75},"7":{"name":"(anonymous_7)","decl":{"start":{"line":83,"column":22},"end":{"line":83,"column":23}},"loc":{"start":{"line":84,"column":12},"end":{"line":95,"column":18}},"line":84}},"branchMap":{"0":{"loc":{"start":{"line":25,"column":4},"end":{"line":31,"column":5}},"type":"if","locations":[{"start":{"line":25,"column":4},"end":{"line":31,"column":5}},{"start":{"line":25,"column":4},"end":{"line":31,"column":5}}],"line":25},"1":{"loc":{"start":{"line":51,"column":21},"end":{"line":51,"column":58}},"type":"cond-expr","locations":[{"start":{"line":51,"column":35},"end":{"line":51,"column":44}},{"start":{"line":51,"column":47},"end":{"line":51,"column":58}}],"line":51},"2":{"loc":{"start":{"line":62,"column":4},"end":{"line":64,"column":5}},"type":"if","locations":[{"start":{"line":62,"column":4},"end":{"line":64,"column":5}},{"start":{"line":62,"column":4},"end":{"line":64,"column":5}}],"line":62},"3":{"loc":{"start":{"line":70,"column":4},"end":{"line":72,"column":5}},"type":"if","locations":[{"start":{"line":70,"column":4},"end":{"line":72,"column":5}},{"start":{"line":70,"column":4},"end":{"line":72,"column":5}}],"line":70},"4":{"loc":{"start":{"line":98,"column":9},"end":{"line":111,"column":9}},"type":"binary-expr","locations":[{"start":{"line":98,"column":9},"end":{"line":98,"column":13}},{"start":{"line":99,"column":10},"end":{"line":110,"column":12}}],"line":98}},"s":{"0":0,"1":0,"2":0,"3":0,"4":0,"5":0,"6":0,"7":0,"8":0,"9":0,"10":0,"11":0,"12":0,"13":0,"14":0,"15":0,"16":0,"17":1,"18":1,"19":1,"20":1,"21":3},"f":{"0":0,"1":0,"2":0,"3":0,"4":0,"5":0,"6":1,"7":3},"b":{"0":[0,0],"1":[0,0],"2":[0,0],"3":[0,0],"4":[1,0]},"_coverageSchema":"332fd63041d2c1bcb487cc26dd0d5f7d97098a6c","hash":"eb33461680decbf6a7ec4f36243532a6520a97f5"}
,"/Users/shurnster/Documents/Web Development Projects/basic-imageSlider/tests/test_setup.js": {"path":"/Users/shurnster/Documents/Web Development Projects/basic-imageSlider/tests/test_setup.js","statementMap":{"0":{"start":{"line":4,"column":0},"end":{"line":4,"column":38}}},"fnMap":{},"branchMap":{},"s":{"0":2},"f":{},"b":{},"_coverageSchema":"332fd63041d2c1bcb487cc26dd0d5f7d97098a6c","hash":"d941f4d98745f9d2ef833d526497c6af31c0c9d5"}
}
